0 info it worked if it ends with ok
1 verbose cli [ 'node', '/usr/local/bin/npm', 'run', 'watch-client' ]
2 info using npm@2.1.9
3 info using node@v0.10.33
4 verbose run-script [ 'prewatch-client', 'watch-client', 'postwatch-client' ]
5 info prewatch-client quran-com@0.0.0
6 info watch-client quran-com@0.0.0
7 verbose unsafe-perm in lifecycle true
8 info quran-com@0.0.0 Failed to exec watch-client script
9 verbose stack Error: quran-com@0.0.0 watch-client: `node ./node_modules/webpack/bin/webpack.js --history-api-fallback --verbose --colors --display-error-details --config webpack.watch.config.js && node ./node_modules/webpack-dev-server/bin/webpack-dev-server.js --config webpack.watch.config.js`
9 verbose stack Exit status 134
9 verbose stack     at EventEmitter.<anonymous> (/usr/local/lib/node_modules/npm/lib/utils/lifecycle.js:212:16)
9 verbose stack     at EventEmitter.emit (events.js:98:17)
9 verbose stack     at ChildProcess.<anonymous> (/usr/local/lib/node_modules/npm/lib/utils/spawn.js:14:12)
9 verbose stack     at ChildProcess.emit (events.js:98:17)
9 verbose stack     at maybeClose (child_process.js:756:16)
9 verbose stack     at Process.ChildProcess._handle.onexit (child_process.js:823:5)
10 verbose pkgid quran-com@0.0.0
11 verbose cwd /Users/mmahalwy/Desktop/Code/quran.com/frontend
12 error Darwin 14.0.0
13 error argv "node" "/usr/local/bin/npm" "run" "watch-client"
14 error node v0.10.33
15 error npm  v2.1.9
16 error code ELIFECYCLE
17 error quran-com@0.0.0 watch-client: `node ./node_modules/webpack/bin/webpack.js --history-api-fallback --verbose --colors --display-error-details --config webpack.watch.config.js && node ./node_modules/webpack-dev-server/bin/webpack-dev-server.js --config webpack.watch.config.js`
17 error Exit status 134
18 error Failed at the quran-com@0.0.0 watch-client script 'node ./node_modules/webpack/bin/webpack.js --history-api-fallback --verbose --colors --display-error-details --config webpack.watch.config.js && node ./node_modules/webpack-dev-server/bin/webpack-dev-server.js --config webpack.watch.config.js'.
18 error This is most likely a problem with the quran-com package,
18 error not with npm itself.
18 error Tell the author that this fails on your system:
18 error     node ./node_modules/webpack/bin/webpack.js --history-api-fallback --verbose --colors --display-error-details --config webpack.watch.config.js && node ./node_modules/webpack-dev-server/bin/webpack-dev-server.js --config webpack.watch.config.js
18 error You can get their info via:
18 error     npm owner ls quran-com
18 error There is likely additional logging output above.
19 verbose exit [ 1, true ]
